  Compiling CUDA source file Arena.cu...
  Compiling CUDA source file NeuralBot.cu...
  
  C:\Users\Me\Documents\School\BrawlBotsNeuralEvolver\BrawlBots>"C:\Program Files\NVIDIA GPU Computing Toolkit\CUDA\v8.0\bin\nvcc.exe" -gencode=arch=compute_20,code=\"sm_20,compute_20\" --use-local-env --cl-version 2015 -ccbin "C:\Program Files (x86)\Microsoft Visual Studio 14.0\VC\bin"  -I"C:\Program Files\NVIDIA GPU Computing Toolkit\CUDA\v8.0\include" -I"C:\Program Files\NVIDIA GPU Computing Toolkit\CUDA\v8.0\include"  -G   --keep-dir Debug -maxrregcount=0  --machine 32 --compile -cudart static  -g   -D_MBCS -Xcompiler "/EHsc /W3 /nologo /Od /FS /Zi /RTC1 /MDd " -o Debug\Arena.cu.obj "C:\Users\Me\Documents\School\BrawlBotsNeuralEvolver\BrawlBots\Arena.cu" 
  
  C:\Users\Me\Documents\School\BrawlBotsNeuralEvolver\BrawlBots>"C:\Program Files\NVIDIA GPU Computing Toolkit\CUDA\v8.0\bin\nvcc.exe" -gencode=arch=compute_20,code=\"sm_20,compute_20\" --use-local-env --cl-version 2015 -ccbin "C:\Program Files (x86)\Microsoft Visual Studio 14.0\VC\bin"  -I"C:\Program Files\NVIDIA GPU Computing Toolkit\CUDA\v8.0\include" -I"C:\Program Files\NVIDIA GPU Computing Toolkit\CUDA\v8.0\include"  -G   --keep-dir Debug -maxrregcount=0  --machine 32 --compile -cudart static  -g   -D_MBCS -Xcompiler "/EHsc /W3 /nologo /Od /FS /Zi /RTC1 /MDd " -o Debug\NeuralBot.cu.obj "C:\Users\Me\Documents\School\BrawlBotsNeuralEvolver\BrawlBots\NeuralBot.cu" 
c:\users\me\documents\school\brawlbotsneuralevolver\brawlbots\Arena.h(64): warning : taking the address of a temporary
C:/Users/Me/Documents/School/BrawlBotsNeuralEvolver/BrawlBots/Arena.cu(12): warning : variable "temp" is used before its value is set
C:/Users/Me/Documents/School/BrawlBotsNeuralEvolver/BrawlBots/Arena.cu(22): warning : variable "temp" is used before its value is set
C:/Users/Me/Documents/School/BrawlBotsNeuralEvolver/BrawlBots/Arena.cu(31): warning : variable "temp" is used before its value is set
c:\users\me\documents\school\brawlbotsneuralevolver\brawlbots\Arena.h(64): warning : taking the address of a temporary
C:/Users/Me/Documents/School/BrawlBotsNeuralEvolver/BrawlBots/NeuralBot.cu(9): warning : variable "inp" is used before its value is set
C:/Users/Me/Documents/School/BrawlBotsNeuralEvolver/BrawlBots/Arena.cu(72): warning : variable "survivingBullets" is used before its value is set
C:/Users/Me/Documents/School/BrawlBotsNeuralEvolver/BrawlBots/Arena.cu(17): error : calling a __host__ function("DSighting::DSighting") from a __device__ function("AView") is not allowed
C:/Users/Me/Documents/School/BrawlBotsNeuralEvolver/BrawlBots/Arena.cu(26): error : calling a __host__ function("DSighting::DSighting") from a __device__ function("AView") is not allowed
C:/Users/Me/Documents/School/BrawlBotsNeuralEvolver/BrawlBots/Arena.cu(35): error : calling a __host__ function("DSighting::DSighting") from a __device__ function("AView") is not allowed
C:/Users/Me/Documents/School/BrawlBotsNeuralEvolver/BrawlBots/Arena.cu(39): error : calling a __host__ function("DSightingBatch::DSightingBatch") from a __device__ function("AView") is not allowed
C:/Users/Me/Documents/School/BrawlBotsNeuralEvolver/BrawlBots/Arena.cu(53): error : calling a __host__ function("hypot<int, int> ") from a __device__ function("distanceTo") is not allowed
C:/Users/Me/Documents/School/BrawlBotsNeuralEvolver/BrawlBots/NeuralBot.cu(78): error : calling a __host__ function("BotAction::BotAction") from a __device__ function("GetBotAction") is not allowed
C:/Users/Me/Documents/School/BrawlBotsNeuralEvolver/BrawlBots/Arena.cu(165): error : calling a __host__ function("DAmmo::DAmmo") from a __device__ function("ASpawnAmmo") is not allowed
CUDACOMPILE : nvcc warning : The 'compute_20', 'sm_20', and 'sm_21' architectures are deprecated, and may be removed in a future release (Use -Wno-deprecated-gpu-targets to suppress warning).
  NeuralBot.cu
C:\Program Files (x86)\MSBuild\Microsoft.Cpp\v4.0\V140\BuildCustomizations\CUDA 8.0.targets(687,9): error MSB3721: The command ""C:\Program Files\NVIDIA GPU Computing Toolkit\CUDA\v8.0\bin\nvcc.exe" -gencode=arch=compute_20,code=\"sm_20,compute_20\" --use-local-env --cl-version 2015 -ccbin "C:\Program Files (x86)\Microsoft Visual Studio 14.0\VC\bin"  -I"C:\Program Files\NVIDIA GPU Computing Toolkit\CUDA\v8.0\include" -I"C:\Program Files\NVIDIA GPU Computing Toolkit\CUDA\v8.0\include"  -G   --keep-dir Debug -maxrregcount=0  --machine 32 --compile -cudart static  -g   -D_MBCS -Xcompiler "/EHsc /W3 /nologo /Od /FS /Zi /RTC1 /MDd " -o Debug\NeuralBot.cu.obj "C:\Users\Me\Documents\School\BrawlBotsNeuralEvolver\BrawlBots\NeuralBot.cu"" exited with code 2.
CUDACOMPILE : nvcc warning : The 'compute_20', 'sm_20', and 'sm_21' architectures are deprecated, and may be removed in a future release (Use -Wno-deprecated-gpu-targets to suppress warning).
  Arena.cu
C:\Program Files (x86)\MSBuild\Microsoft.Cpp\v4.0\V140\BuildCustomizations\CUDA 8.0.targets(687,9): error MSB3721: The command ""C:\Program Files\NVIDIA GPU Computing Toolkit\CUDA\v8.0\bin\nvcc.exe" -gencode=arch=compute_20,code=\"sm_20,compute_20\" --use-local-env --cl-version 2015 -ccbin "C:\Program Files (x86)\Microsoft Visual Studio 14.0\VC\bin"  -I"C:\Program Files\NVIDIA GPU Computing Toolkit\CUDA\v8.0\include" -I"C:\Program Files\NVIDIA GPU Computing Toolkit\CUDA\v8.0\include"  -G   --keep-dir Debug -maxrregcount=0  --machine 32 --compile -cudart static  -g   -D_MBCS -Xcompiler "/EHsc /W3 /nologo /Od /FS /Zi /RTC1 /MDd " -o Debug\Arena.cu.obj "C:\Users\Me\Documents\School\BrawlBotsNeuralEvolver\BrawlBots\Arena.cu"" exited with code 2.
